Internal Server Error: /admin/core/category/
Traceback (most recent call last):
  File "E:\backend_hashtag\hashtag_smart_project\venv\Lib\site-packages\django\db\models\options.py", line 684, in get_field
    return self.fields_map[field_name]
           ~~~~~~~~~~~~~~~^^^^^^^^^^^^
KeyError: 'subcategory_count'

During handling of the above exception, another exception occurred:

Traceback (most recent call last):
  File "E:\backend_hashtag\hashtag_smart_project\venv\Lib\site-packages\django\contrib\admin\utils.py", line 293, in lookup_field
    f = _get_non_gfk_field(opts, name)
  File "E:\backend_hashtag\hashtag_smart_project\venv\Lib\site-packages\django\contrib\admin\utils.py", line 333, in _get_non_gfk_field
    field = opts.get_field(name)
  File "E:\backend_hashtag\hashtag_smart_project\venv\Lib\site-packages\django\db\models\options.py", line 686, in get_field
    raise FieldDoesNotExist(
        "%s has no field named '%s'" % (self.object_name, field_name)
    )
django.core.exceptions.FieldDoesNotExist: Category has no field named 'subcategory_count'

During handling of the above exception, another exception occurred:

Traceback (most recent call last):
  File "E:\backend_hashtag\hashtag_smart_project\venv\Lib\site-packages\django\core\handlers\exception.py", line 55, in inner
    response = get_response(request)
  File "E:\backend_hashtag\hashtag_smart_project\venv\Lib\site-packages\django\core\handlers\base.py", line 221, in _get_response
    response = response.render()
  File "E:\backend_hashtag\hashtag_smart_project\venv\Lib\site-packages\django\template\response.py", line 114, in render
    self.content = self.rendered_content
                   ^^^^^^^^^^^^^^^^^^^^^
  File "E:\backend_hashtag\hashtag_smart_project\venv\Lib\site-packages\django\template\response.py", line 92, in rendered_content
    return template.render(context, self._request)
           ~~~~~~~~~~~~~~~^^^^^^^^^^^^^^^^^^^^^^^^
  File "E:\backend_hashtag\hashtag_smart_project\venv\Lib\site-packages\django\template\backends\django.py", line 107, in render
    return self.template.render(context)
           ~~~~~~~~~~~~~~~~~~~~^^^^^^^^^
  File "E:\backend_hashtag\hashtag_smart_project\venv\Lib\site-packages\django\template\base.py", line 174, in render
    return self._render(context)
           ~~~~~~~~~~~~^^^^^^^^^
  File "E:\backend_hashtag\hashtag_smart_project\venv\Lib\site-packages\django\template\base.py", line 166, in _render
    return self.nodelist.render(context)
           ~~~~~~~~~~~~~~~~~~~~^^^^^^^^^
  File "E:\backend_hashtag\hashtag_smart_project\venv\Lib\site-packages\django\template\base.py", line 1091, in render
    return SafeString("".join([node.render_annotated(context) for node in self]))
                               ~~~~~~~~~~~~~~~~~~~~~^^^^^^^^^
  File "E:\backend_hashtag\hashtag_smart_project\venv\Lib\site-packages\django\template\base.py", line 1052, in render_annotated
    return self.render(context)
           ~~~~~~~~~~~^^^^^^^^^
  File "E:\backend_hashtag\hashtag_smart_project\venv\Lib\site-packages\django\template\loader_tags.py", line 160, in render
    return compiled_parent._render(context)
           ~~~~~~~~~~~~~~~~~~~~~~~^^^^^^^^^
  File "E:\backend_hashtag\hashtag_smart_project\venv\Lib\site-packages\django\template\base.py", line 166, in _render
    return self.nodelist.render(context)
           ~~~~~~~~~~~~~~~~~~~~^^^^^^^^^
  File "E:\backend_hashtag\hashtag_smart_project\venv\Lib\site-packages\django\template\base.py", line 1091, in render
    return SafeString("".join([node.render_annotated(context) for node in self]))
                               ~~~~~~~~~~~~~~~~~~~~~^^^^^^^^^
  File "E:\backend_hashtag\hashtag_smart_project\venv\Lib\site-packages\django\template\base.py", line 1052, in render_annotated
    return self.render(context)
           ~~~~~~~~~~~^^^^^^^^^
  File "E:\backend_hashtag\hashtag_smart_project\venv\Lib\site-packages\django\template\loader_tags.py", line 160, in render
    return compiled_parent._render(context)
           ~~~~~~~~~~~~~~~~~~~~~~~^^^^^^^^^
  File "E:\backend_hashtag\hashtag_smart_project\venv\Lib\site-packages\django\template\base.py", line 166, in _render
    return self.nodelist.render(context)
           ~~~~~~~~~~~~~~~~~~~~^^^^^^^^^
  File "E:\backend_hashtag\hashtag_smart_project\venv\Lib\site-packages\django\template\base.py", line 1091, in render
    return SafeString("".join([node.render_annotated(context) for node in self]))
                               ~~~~~~~~~~~~~~~~~~~~~^^^^^^^^^
  File "E:\backend_hashtag\hashtag_smart_project\venv\Lib\site-packages\django\template\base.py", line 1052, in render_annotated
    return self.render(context)
           ~~~~~~~~~~~^^^^^^^^^
  File "E:\backend_hashtag\hashtag_smart_project\venv\Lib\site-packages\django\template\loader_tags.py", line 66, in render
    result = block.nodelist.render(context)
  File "E:\backend_hashtag\hashtag_smart_project\venv\Lib\site-packages\django\template\base.py", line 1091, in render
    return SafeString("".join([node.render_annotated(context) for node in self]))
                               ~~~~~~~~~~~~~~~~~~~~~^^^^^^^^^
  File "E:\backend_hashtag\hashtag_smart_project\venv\Lib\site-packages\django\template\base.py", line 1052, in render_annotated
    return self.render(context)
           ~~~~~~~~~~~^^^^^^^^^
  File "E:\backend_hashtag\hashtag_smart_project\venv\Lib\site-packages\django\template\loader_tags.py", line 66, in render
    result = block.nodelist.render(context)
  File "E:\backend_hashtag\hashtag_smart_project\venv\Lib\site-packages\django\template\base.py", line 1091, in render
    return SafeString("".join([node.render_annotated(context) for node in self]))
                               ~~~~~~~~~~~~~~~~~~~~~^^^^^^^^^
  File "E:\backend_hashtag\hashtag_smart_project\venv\Lib\site-packages\django\template\base.py", line 1052, in render_annotated
    return self.render(context)
           ~~~~~~~~~~~^^^^^^^^^
  File "E:\backend_hashtag\hashtag_smart_project\venv\Lib\site-packages\django\contrib\admin\templatetags\base.py", line 47, in render
    return super().render(context)
           ~~~~~~~~~~~~~~^^^^^^^^^
  File "E:\backend_hashtag\hashtag_smart_project\venv\Lib\site-packages\django\template\library.py", line 363, in render
    _dict = self.func(*resolved_args, **resolved_kwargs)
  File "E:\backend_hashtag\hashtag_smart_project\venv\Lib\site-packages\django\contrib\admin\templatetags\admin_list.py", line 357, in result_list
    "results": list(results(cl)),
               ~~~~^^^^^^^^^^^^^
  File "E:\backend_hashtag\hashtag_smart_project\venv\Lib\site-packages\django\contrib\admin\templatetags\admin_list.py", line 333, in results
    yield ResultList(None, items_for_result(cl, res, None))
          ~~~~~~~~~~^^^^^^^^^^^^^^^^^^^^^^^^^^^^^^^^^^^^^^^
  File "E:\backend_hashtag\hashtag_smart_project\venv\Lib\site-packages\django\contrib\admin\templatetags\admin_list.py", line 324, in __init__
    super().__init__(*items)
    ~~~~~~~~~~~~~~~~^^^^^^^^
  File "E:\backend_hashtag\hashtag_smart_project\venv\Lib\site-packages\django\contrib\admin\templatetags\admin_list.py", line 221, in items_for_result
    f, attr, value = lookup_field(field_name, result, cl.model_admin)
                     ~~~~~~~~~~~~^^^^^^^^^^^^^^^^^^^^^^^^^^^^^^^^^^^^
  File "E:\backend_hashtag\hashtag_smart_project\venv\Lib\site-packages\django\contrib\admin\utils.py", line 302, in lookup_field
    value = attr(obj)
  File "E:\backend_hashtag\hashtag_smart_project\core\admin.py", line 30, in subcategory_count
    return format_html(f'<b style="color:#7c3aed;">{count}</b>')
  File "E:\backend_hashtag\hashtag_smart_project\venv\Lib\site-packages\django\utils\html.py", line 137, in format_html
    raise TypeError("args or kwargs must be provided.")
TypeError: args or kwargs must be provided.
Not Found: /admin/dashboard/
Not Found: /admin/dashboard/
Not Found: /admin/dashboard
Not Found: /admin/dashboard/
Not Found: /admin/core/sitevisit/
Not Found: /admin/core/sitevisit/
Not Found: /admin/dashboard/
